Logged time = 14:31:16.93 02/07/2020 Fri
Logged time = 18:30:30.18 02/07/2020 Fri
Logged time = 20:09:14.09 02/07/2020 Fri
Logged time = 20:46:00.16 02/07/2020 Fri
Logged time = 21:06:00.14 02/07/2020 Fri
Logged time = 21:36:00.73 02/07/2020 Fri
Logged time = 22:06:00.71 02/07/2020 Fri
Logged time = 22:36:00.72 02/07/2020 Fri
Logged time = 23:06:00.71 02/07/2020 Fri
Logged time = 23:36:00.86 02/07/2020 Fri
Logged time =  0:06:00.68 02/08/2020 Sat
Logged time =  0:36:00.74 02/08/2020 Sat
Logged time =  1:06:00.68 02/08/2020 Sat
Logged time =  1:36:00.71 02/08/2020 Sat
Logged time =  2:06:00.64 02/08/2020 Sat
Logged time =  2:36:00.60 02/08/2020 Sat
Logged time =  3:06:00.65 02/08/2020 Sat
Logged time =  3:36:00.64 02/08/2020 Sat
Logged time =  4:06:00.59 02/08/2020 Sat
Logged time =  4:36:00.60 02/08/2020 Sat
Logged time =  5:06:00.62 02/08/2020 Sat
Logged time =  5:36:01.03 02/08/2020 Sat
Logged time =  6:06:00.62 02/08/2020 Sat
Logged time =  6:36:00.63 02/08/2020 Sat
Logged time =  7:06:00.63 02/08/2020 Sat
Logged time =  7:36:00.66 02/08/2020 Sat
Logged time =  8:06:00.66 02/08/2020 Sat
Logged time =  8:36:00.64 02/08/2020 Sat
Logged time =  9:06:00.58 02/08/2020 Sat
Logged time =  9:36:00.62 02/08/2020 Sat
Logged time = 10:06:00.72 02/08/2020 Sat
Logged time = 10:36:00.73 02/08/2020 Sat
Logged time = 11:06:00.65 02/08/2020 Sat
Logged time = 11:36:00.97 02/08/2020 Sat
Logged time = 12:06:00.66 02/08/2020 Sat
Logged time = 12:36:00.65 02/08/2020 Sat
Logged time = 13:06:00.65 02/08/2020 Sat
Logged time = 13:36:00.66 02/08/2020 Sat
Logged time = 14:06:00.71 02/08/2020 Sat
Logged time = 14:36:00.66 02/08/2020 Sat
Logged time = 15:06:00.67 02/08/2020 Sat
Logged time = 15:36:00.64 02/08/2020 Sat
Logged time = 16:06:00.72 02/08/2020 Sat
Logged time = 16:36:00.92 02/08/2020 Sat
Logged time = 17:06:00.69 02/08/2020 Sat
Logged time = 17:36:00.63 02/08/2020 Sat
Logged time = 18:06:00.69 02/08/2020 Sat
Logged time = 18:36:00.74 02/08/2020 Sat
Logged time = 19:06:00.73 02/08/2020 Sat
Logged time = 19:36:00.60 02/08/2020 Sat
Logged time = 20:06:00.68 02/08/2020 Sat
Logged time = 20:36:00.66 02/08/2020 Sat
Logged time = 21:06:00.25 02/08/2020 Sat
Logged time = 21:06:00.61 02/08/2020 Sat
Logged time = 21:33:58.48 02/08/2020 Sat
Logged time = 21:36:00.66 02/08/2020 Sat
Logged time = 22:06:00.74 02/08/2020 Sat
Logged time = 22:36:00.79 02/08/2020 Sat
Logged time = 23:04:19.20 02/08/2020 Sat
Logged time = 23:06:00.73 02/08/2020 Sat
Logged time = 23:36:00.71 02/08/2020 Sat
Logged time =  0:06:00.64 02/09/2020 Sun
Logged time =  0:36:00.70 02/09/2020 Sun
Logged time =  1:06:00.74 02/09/2020 Sun
Logged time =  1:36:00.68 02/09/2020 Sun
Logged time =  2:06:00.67 02/09/2020 Sun
Logged time =  2:36:00.66 02/09/2020 Sun
Logged time =  3:06:00.72 02/09/2020 Sun
Logged time =  3:36:00.78 02/09/2020 Sun
Logged time =  4:06:00.69 02/09/2020 Sun
Logged time =  4:36:00.67 02/09/2020 Sun
Logged time =  5:06:00.66 02/09/2020 Sun
Logged time =  5:36:01.01 02/09/2020 Sun
Logged time =  6:06:00.66 02/09/2020 Sun
Logged time =  6:36:00.68 02/09/2020 Sun
Logged time =  7:06:00.67 02/09/2020 Sun
Logged time =  7:36:00.68 02/09/2020 Sun
Logged time =  8:06:00.66 02/09/2020 Sun
Logged time =  8:36:00.75 02/09/2020 Sun
Logged time =  9:06:00.77 02/09/2020 Sun
Logged time =  9:36:00.67 02/09/2020 Sun
Logged time =  9:37:22.43 02/09/2020 Sun
Logged time =  9:48:35.07 02/09/2020 Sun
Logged time = 10:06:00.69 02/09/2020 Sun
Logged time = 10:36:00.66 02/09/2020 Sun
Logged time = 10:52:57.59 02/09/2020 Sun
Logged time = 11:06:00.73 02/09/2020 Sun
Logged time = 11:36:00.77 02/09/2020 Sun
Logged time = 12:06:00.65 02/09/2020 Sun
Logged time = 12:36:00.75 02/09/2020 Sun
Logged time = 13:06:00.72 02/09/2020 Sun
Logged time = 13:36:00.68 02/09/2020 Sun
Logged time = 14:06:00.74 02/09/2020 Sun
Logged time = 14:36:00.66 02/09/2020 Sun
Logged time = 15:06:00.76 02/09/2020 Sun
Logged time = 15:36:00.77 02/09/2020 Sun
Logged time = 16:06:00.69 02/09/2020 Sun
Logged time = 16:36:00.71 02/09/2020 Sun
Logged time = 17:06:00.71 02/09/2020 Sun
Logged time = 17:36:00.98 02/09/2020 Sun
Logged time = 18:06:00.75 02/09/2020 Sun
Logged time = 18:36:00.73 02/09/2020 Sun
Logged time = 19:06:00.70 02/09/2020 Sun
Logged time = 19:36:00.64 02/09/2020 Sun
Logged time = 20:06:00.71 02/09/2020 Sun
Logged time = 20:36:00.73 02/09/2020 Sun
Logged time = 21:06:00.35 02/09/2020 Sun
Logged time = 21:06:00.68 02/09/2020 Sun
Logged time = 21:36:00.73 02/09/2020 Sun
Logged time = 22:06:00.79 02/09/2020 Sun
Logged time = 22:36:00.87 02/09/2020 Sun
Logged time = 23:06:00.84 02/09/2020 Sun
Logged time = 23:36:00.93 02/09/2020 Sun
Logged time =  0:06:00.83 02/10/2020 Mon
Logged time =  0:36:00.77 02/10/2020 Mon
Logged time =  1:06:00.84 02/10/2020 Mon
Logged time =  1:36:00.82 02/10/2020 Mon
Logged time =  2:06:00.88 02/10/2020 Mon
Logged time =  2:36:00.85 02/10/2020 Mon
Logged time =  3:06:00.81 02/10/2020 Mon
Logged time =  3:36:00.77 02/10/2020 Mon
Logged time =  4:06:00.86 02/10/2020 Mon
Logged time =  4:36:00.90 02/10/2020 Mon
Logged time =  5:06:00.86 02/10/2020 Mon
Logged time =  5:36:01.07 02/10/2020 Mon
Logged time =  6:06:00.77 02/10/2020 Mon
Logged time =  6:36:00.78 02/10/2020 Mon
Logged time =  7:06:00.79 02/10/2020 Mon
Logged time =  7:36:00.80 02/10/2020 Mon
Logged time =  8:06:00.79 02/10/2020 Mon
Logged time =  8:36:00.79 02/10/2020 Mon
Logged time =  9:06:00.78 02/10/2020 Mon
Logged time =  9:36:00.85 02/10/2020 Mon
Logged time = 10:06:00.84 02/10/2020 Mon
Logged time = 10:36:00.78 02/10/2020 Mon
Logged time = 11:06:00.83 02/10/2020 Mon
Logged time = 11:36:00.87 02/10/2020 Mon
Logged time = 12:06:00.75 02/10/2020 Mon
Logged time = 12:36:00.76 02/10/2020 Mon
Logged time = 13:06:00.77 02/10/2020 Mon
Logged time = 13:36:23.13 02/10/2020 Mon
Logged time = 14:06:00.77 02/10/2020 Mon
Logged time = 14:36:00.76 02/10/2020 Mon
Logged time = 15:06:00.86 02/10/2020 Mon
Logged time = 15:36:00.76 02/10/2020 Mon
Logged time = 16:06:00.79 02/10/2020 Mon
Logged time = 16:36:00.85 02/10/2020 Mon
Logged time = 17:06:00.82 02/10/2020 Mon
